[debug] [2019-09-18T17:43:49.939Z] ----------------------------------------------------------------------
[debug] [2019-09-18T17:43:49.941Z] Command:       /usr/bin/node /usr/local/bin/firebase serve --only functions
[debug] [2019-09-18T17:43:49.941Z] CLI Version:   4.2.1
[debug] [2019-09-18T17:43:49.941Z] Platform:      linux
[debug] [2019-09-18T17:43:49.941Z] Node Version:  v8.10.0
[debug] [2019-09-18T17:43:49.941Z] Time:          Wed Sep 18 2019 23:13:49 GMT+0530 (IST)
[debug] [2019-09-18T17:43:49.941Z] ----------------------------------------------------------------------
[debug] 
[debug] [2019-09-18T17:43:49.948Z] > command requires scopes: ["email","openid","https://www.googleapis.com/auth/cloudplatformprojects.readonly","https://www.googleapis.com/auth/firebase","https://www.googleapis.com/auth/cloud-platform"]
[debug] [2019-09-18T17:43:49.948Z] > authorizing via signed-in user
[debug] [2019-09-18T17:43:49.950Z] > refreshing access token with scopes: ["email","https://www.googleapis.com/auth/cloud-platform","https://www.googleapis.com/auth/cloudplatformprojects.readonly","https://www.googleapis.com/auth/firebase","openid"]
[debug] [2019-09-18T17:43:49.950Z] >>> HTTP REQUEST POST https://www.googleapis.com/oauth2/v3/token  

[debug] [2019-09-18T17:43:54.969Z] <<< HTTP RESPONSE 200
[debug] [2019-09-18T17:43:55.027Z] >>> HTTP REQUEST GET https://admin.firebase.com/v1/projects/techassistant-8286a  
 
[debug] [2019-09-18T17:43:57.903Z] <<< HTTP RESPONSE 200
[debug] [2019-09-18T17:43:57.907Z] >>> HTTP REQUEST GET https://cloudresourcemanager.googleapis.com/v1/projects/techassistant-8286a  
 
[debug] [2019-09-18T17:43:59.991Z] <<< HTTP RESPONSE 200
[info] 
[info] === Serving from '/home/gogarattan/Desktop/TechAssistant'...
[info] 
[debug] [2019-09-18T17:44:11.038Z] Error: EACCES: permission denied, mkdir '/usr/local/lib/node_modules/firebase-tools/node_modules/@google-cloud/functions-emulator/logs'
    at Object.fs.mkdirSync (fs.js:885:18)
    at Object.assertLogsPath (/usr/local/lib/node_modules/firebase-tools/node_modules/@google-cloud/functions-emulator/src/emulator/logs.js:65:10)
    at new Controller (/usr/local/lib/node_modules/firebase-tools/node_modules/@google-cloud/functions-emulator/src/cli/controller.js:77:32)
    at FunctionsEmulator.start (/usr/local/lib/node_modules/firebase-tools/lib/functionsEmulator.js:113:21)
    at Object.start (/usr/local/lib/node_modules/firebase-tools/lib/serve/functions.js:9:29)
    at /usr/local/lib/node_modules/firebase-tools/lib/serve/index.js:17:21
    at arrayMap (/usr/local/lib/node_modules/firebase-tools/node_modules/lodash/lodash.js:639:23)
    at Function.map (/usr/local/lib/node_modules/firebase-tools/node_modules/lodash/lodash.js:9556:14)
    at _serve (/usr/local/lib/node_modules/firebase-tools/lib/serve/index.js:15:7)
    at Command._action (/usr/local/lib/node_modules/firebase-tools/commands/serve.js:48:12)
[error] 
[error] Error: An unexpected error has occurred.
[debug] [2019-09-18T17:44:29.461Z] ----------------------------------------------------------------------
[debug] [2019-09-18T17:44:29.463Z] Command:       /usr/bin/node /usr/local/bin/firebase serve
[debug] [2019-09-18T17:44:29.463Z] CLI Version:   4.2.1
[debug] [2019-09-18T17:44:29.464Z] Platform:      linux
[debug] [2019-09-18T17:44:29.464Z] Node Version:  v8.10.0
[debug] [2019-09-18T17:44:29.464Z] Time:          Wed Sep 18 2019 23:14:29 GMT+0530 (IST)
[debug] [2019-09-18T17:44:29.464Z] ----------------------------------------------------------------------
[debug] 
[debug] [2019-09-18T17:44:29.470Z] > command requires scopes: ["email","openid","https://www.googleapis.com/auth/cloudplatformprojects.readonly","https://www.googleapis.com/auth/firebase","https://www.googleapis.com/auth/cloud-platform"]
[debug] [2019-09-18T17:44:29.470Z] > authorizing via signed-in user
[debug] [2019-09-18T17:44:29.472Z] >>> HTTP REQUEST GET https://admin.firebase.com/v1/projects/techassistant-8286a  
 
[debug] [2019-09-18T17:44:30.997Z] <<< HTTP RESPONSE 200
[debug] [2019-09-18T17:44:31.001Z] >>> HTTP REQUEST GET https://cloudresourcemanager.googleapis.com/v1/projects/techassistant-8286a  
 
[debug] [2019-09-18T17:44:33.025Z] <<< HTTP RESPONSE 200
[info] 
[info] === Serving from '/home/gogarattan/Desktop/TechAssistant'...
[info] 
[debug] [2019-09-18T17:44:33.936Z] Error: EACCES: permission denied, mkdir '/usr/local/lib/node_modules/firebase-tools/node_modules/@google-cloud/functions-emulator/logs'
    at Object.fs.mkdirSync (fs.js:885:18)
    at Object.assertLogsPath (/usr/local/lib/node_modules/firebase-tools/node_modules/@google-cloud/functions-emulator/src/emulator/logs.js:65:10)
    at new Controller (/usr/local/lib/node_modules/firebase-tools/node_modules/@google-cloud/functions-emulator/src/cli/controller.js:77:32)
    at FunctionsEmulator.start (/usr/local/lib/node_modules/firebase-tools/lib/functionsEmulator.js:113:21)
    at Object.start (/usr/local/lib/node_modules/firebase-tools/lib/serve/functions.js:9:29)
    at /usr/local/lib/node_modules/firebase-tools/lib/serve/index.js:17:21
    at arrayMap (/usr/local/lib/node_modules/firebase-tools/node_modules/lodash/lodash.js:639:23)
    at Function.map (/usr/local/lib/node_modules/firebase-tools/node_modules/lodash/lodash.js:9556:14)
    at _serve (/usr/local/lib/node_modules/firebase-tools/lib/serve/index.js:15:7)
    at Command._action (/usr/local/lib/node_modules/firebase-tools/commands/serve.js:48:12)
[error] 
[error] Error: An unexpected error has occurred.
[debug] [2019-09-18T17:44:49.638Z] ----------------------------------------------------------------------
[debug] [2019-09-18T17:44:49.640Z] Command:       /usr/bin/node /usr/local/bin/firebase serve --only functions
[debug] [2019-09-18T17:44:49.640Z] CLI Version:   4.2.1
[debug] [2019-09-18T17:44:49.640Z] Platform:      linux
[debug] [2019-09-18T17:44:49.640Z] Node Version:  v8.10.0
[debug] [2019-09-18T17:44:49.640Z] Time:          Wed Sep 18 2019 23:14:49 GMT+0530 (IST)
[debug] [2019-09-18T17:44:49.640Z] ----------------------------------------------------------------------
[debug] 
[debug] [2019-09-18T17:44:49.647Z] > command requires scopes: ["email","openid","https://www.googleapis.com/auth/cloudplatformprojects.readonly","https://www.googleapis.com/auth/firebase","https://www.googleapis.com/auth/cloud-platform"]
[debug] [2019-09-18T17:44:49.647Z] > authorizing via signed-in user
[debug] [2019-09-18T17:44:49.649Z] >>> HTTP REQUEST GET https://admin.firebase.com/v1/projects/techassistant-8286a  
 
[debug] [2019-09-18T17:44:51.264Z] <<< HTTP RESPONSE 200
[debug] [2019-09-18T17:44:51.267Z] >>> HTTP REQUEST GET https://cloudresourcemanager.googleapis.com/v1/projects/techassistant-8286a  
 
[debug] [2019-09-18T17:44:53.132Z] <<< HTTP RESPONSE 200
[info] 
[info] === Serving from '/home/gogarattan/Desktop/TechAssistant'...
[info] 
[debug] [2019-09-18T17:44:54.153Z] Error: EACCES: permission denied, mkdir '/usr/local/lib/node_modules/firebase-tools/node_modules/@google-cloud/functions-emulator/logs'
    at Object.fs.mkdirSync (fs.js:885:18)
    at Object.assertLogsPath (/usr/local/lib/node_modules/firebase-tools/node_modules/@google-cloud/functions-emulator/src/emulator/logs.js:65:10)
    at new Controller (/usr/local/lib/node_modules/firebase-tools/node_modules/@google-cloud/functions-emulator/src/cli/controller.js:77:32)
    at FunctionsEmulator.start (/usr/local/lib/node_modules/firebase-tools/lib/functionsEmulator.js:113:21)
    at Object.start (/usr/local/lib/node_modules/firebase-tools/lib/serve/functions.js:9:29)
    at /usr/local/lib/node_modules/firebase-tools/lib/serve/index.js:17:21
    at arrayMap (/usr/local/lib/node_modules/firebase-tools/node_modules/lodash/lodash.js:639:23)
    at Function.map (/usr/local/lib/node_modules/firebase-tools/node_modules/lodash/lodash.js:9556:14)
    at _serve (/usr/local/lib/node_modules/firebase-tools/lib/serve/index.js:15:7)
    at Command._action (/usr/local/lib/node_modules/firebase-tools/commands/serve.js:48:12)
[error] 
[error] Error: An unexpected error has occurred.
